<?xml version="1.0" encoding="UTF-8"?>
<testsuite hostname="MLB-BWTCL-4402" tests="1" failures="0" timestamp="4 Feb 2015 17:41:57 GMT" time="40.854" errors="0">
  <testcase name="@AfterTest afterTest" time="0.0" classname="SeGridTest">
    <failure type="java.lang.AssertionError" message="java.lang.AssertionError: expected:&amp;lt;24.4&amp;gt; but was:&amp;lt;&amp;gt;">
      <![CDATA[java.lang.AssertionError: java.lang.AssertionError: expected:<24.4> but was:<>
	at SeGridTest.afterTest(SeGridTest.java:90)
	at java.util.concurrent.ThreadPoolExecutor.runWorker(ThreadPoolExecutor.java:1145)
	at java.util.concurrent.ThreadPoolExecutor$Worker.run(ThreadPoolExecutor.java:615)
	at java.lang.Thread.run(Thread.java:722)
... Removed 15 stack frames]]>
    </failure>
  </testcase>
  <testcase name="testBmiCalculator" time="1.202" classname="SeGridTest"/>
</testsuite>
